(---------------------------------------------------------------------)
(                                                                     )
(    ARTWORK LOG                                                      )
(                                                                     )
(    Drawing          : asdfasdf.brd                                  )
(    Software Version : 16.6S034                                      )
(    Date/Time        : Fri Jul 19 12:46:19 2019                      )
(                                                                     )
(---------------------------------------------------------------------)


 ---- Photoplot outline rectangle not found; using drawing extents.



Results from parameter file ...
    DEVICE-TYPE           GERBER_RS274X
    OUTPUT-UNITS          MM
    FILM-SIZE             2400000 1600000
    FORMAT                2.5
    ABORT-ON-ERROR        NO
    SCALE                 1
    SUPPRESS-LEAD-ZEROES  YES
    SUPPRESS-TRAIL-ZEROES NO
    SUPPRESS-EQUAL        YES
    UNDEF-APT-CONT        NO


================================================================
     PROCESSING FILM < MetalTop >
     TO FILE < C:/Users/user/Desktop/vscode_orcad/samples/avrusb500_r02/avrusb500_r02/Allegro/allegro/gerber/MetalTop.art > ...
================================================================

  FILM PARAMETERS :
  ---------------------------------------------------------
  Undefined line width                0.000
  Suppress shape fill on neg film     NO
  Mirror code                         NONE
  Rotate angle                        NONE
  Offset x:                           0.000
  Offset y:                           0.000
  Plot negative                       NO
  Suppress unconnected internal pads  NO
  Draw holes only                     NO



  APERTURES USED:
  ---------------------------------------------------------
  TYPE       SIZE/NAME                   ROT   MIRROR MODE 
  ---------------------------------------------------------
  RECTANGLE  0.40000     x 1.72000       0.000 NO     DARK 
  RECTANGLE  1.10000     x 1.72000       0.000 NO     DARK 
  RECTANGLE  1.77800     x 0.45700       0.000 NO     DARK 
  RECTANGLE  1.77800     x 0.45700      90.000 NO     DARK 
  OBLONG     1.77800     x 0.45700       0.000 NO     DARK 
  OBLONG     1.77800     x 0.45700      90.000 NO     DARK 

     MetalTop created.


================================================================
     PROCESSING FILM < MetalBot >
     TO FILE < C:/Users/user/Desktop/vscode_orcad/samples/avrusb500_r02/avrusb500_r02/Allegro/allegro/gerber/MetalBot.art > ...
================================================================

  FILM PARAMETERS :
  ---------------------------------------------------------
  Undefined line width                0.000
  Suppress shape fill on neg film     NO
  Mirror code                         NONE
  Rotate angle                        NONE
  Offset x:                           0.000
  Offset y:                           0.000
  Plot negative                       NO
  Suppress unconnected internal pads  NO
  Draw holes only                     NO



  APERTURES USED:  NONE
     MetalBot created.


================================================================
     PROCESSING FILM < SoldermaskBottom >
     TO FILE < C:/Users/user/Desktop/vscode_orcad/samples/avrusb500_r02/avrusb500_r02/Allegro/allegro/gerber/SoldermaskBottom.art > ...
================================================================

  FILM PARAMETERS :
  ---------------------------------------------------------
  Undefined line width                0.000
  Suppress shape fill on neg film     NO
  Mirror code                         NONE
  Rotate angle                        NONE
  Offset x:                           0.000
  Offset y:                           0.000
  Plot negative                       NO
  Suppress unconnected internal pads  NO
  Draw holes only                     NO



  APERTURES USED:
  ---------------------------------------------------------
  TYPE       SIZE/NAME                   ROT   MIRROR MODE 
  ---------------------------------------------------------
  CIRCLE     1.11800                                  DARK 
  CIRCLE     1.32100                                  DARK 
  CIRCLE     1.57500                                  DARK 
  SQUARE     1.32100                     0.000 NO     DARK 
  SQUARE     1.57500                     0.000 NO     DARK 
  OBLONG     1.20000     x 1.90000       0.000 NO     DARK 

     SoldermaskBottom created.


================================================================
     PROCESSING FILM < SoldermaskTop >
     TO FILE < C:/Users/user/Desktop/vscode_orcad/samples/avrusb500_r02/avrusb500_r02/Allegro/allegro/gerber/SoldermaskTop.art > ...
================================================================

  FILM PARAMETERS :
  ---------------------------------------------------------
  Undefined line width                0.000
  Suppress shape fill on neg film     NO
  Mirror code                         NONE
  Rotate angle                        NONE
  Offset x:                           0.000
  Offset y:                           0.000
  Plot negative                       NO
  Suppress unconnected internal pads  NO
  Draw holes only                     NO



  APERTURES USED:
  ---------------------------------------------------------
  TYPE       SIZE/NAME                   ROT   MIRROR MODE 
  ---------------------------------------------------------
  CIRCLE     1.11800                                  DARK 
  CIRCLE     1.32100                                  DARK 
  CIRCLE     1.57500                                  DARK 
  SQUARE     1.32100                     0.000 NO     DARK 
  SQUARE     1.57500                     0.000 NO     DARK 
  RECTANGLE  0.40000     x 1.72000       0.000 NO     DARK 
  RECTANGLE  1.10000     x 1.72000       0.000 NO     DARK 
  RECTANGLE  1.77800     x 0.45700       0.000 NO     DARK 
  RECTANGLE  1.77800     x 0.45700      90.000 NO     DARK 
  OBLONG     1.20000     x 1.90000       0.000 NO     DARK 
  OBLONG     1.77800     x 0.45700       0.000 NO     DARK 
  OBLONG     1.77800     x 0.45700      90.000 NO     DARK 

     SoldermaskTop created.


================================================================
     PROCESSING FILM < BOTTOM >
     TO FILE < C:/Users/user/Desktop/vscode_orcad/samples/avrusb500_r02/avrusb500_r02/Allegro/allegro/gerber/BOTTOM.art > ...
================================================================

  FILM PARAMETERS :
  ---------------------------------------------------------
  Undefined line width                0.000
  Suppress shape fill on neg film     NO
  Mirror code                         NONE
  Rotate angle                        NONE
  Offset x:                           0.000
  Offset y:                           0.000
  Plot negative                       NO
  Suppress unconnected internal pads  NO
  Draw holes only                     NO



  APERTURES USED:
  ---------------------------------------------------------
  TYPE       SIZE/NAME                   ROT   MIRROR MODE 
  ---------------------------------------------------------
  CIRCLE     0.25400                                  DARK 
  CIRCLE     0.38100                                  DARK 
  CIRCLE     0.38200                                  DARK 
  CIRCLE     0.61000                                  DARK 
  CIRCLE     1.32100                                  DARK 
  CIRCLE     1.57500                                  DARK 
  SQUARE     1.32100                     0.000 NO     DARK 
  SQUARE     1.57500                     0.000 NO     DARK 
  OBLONG     1.20000     x 1.90000       0.000 NO     DARK 

     BOTTOM created.


================================================================
     PROCESSING FILM < TOP >
     TO FILE < C:/Users/user/Desktop/vscode_orcad/samples/avrusb500_r02/avrusb500_r02/Allegro/allegro/gerber/TOP.art > ...
================================================================

  FILM PARAMETERS :
  ---------------------------------------------------------
  Undefined line width                0.000
  Suppress shape fill on neg film     NO
  Mirror code                         NONE
  Rotate angle                        NONE
  Offset x:                           0.000
  Offset y:                           0.000
  Plot negative                       NO
  Suppress unconnected internal pads  NO
  Draw holes only                     NO

    WARNING: Film contains objects with associated DRCs (6).
           In the design editor view this film and enable visibility for the
           associated DRC layer. Verify the DRCs are approved exceptions to your rules.


  APERTURES USED:
  ---------------------------------------------------------
  TYPE       SIZE/NAME                   ROT   MIRROR MODE 
  ---------------------------------------------------------
  CIRCLE     0.25400                                  DARK 
  CIRCLE     0.38100                                  DARK 
  CIRCLE     0.38200                                  DARK 
  CIRCLE     0.61000                                  DARK 
  CIRCLE     1.32100                                  DARK 
  CIRCLE     1.57500                                  DARK 
  SQUARE     1.32100                     0.000 NO     DARK 
  SQUARE     1.57500                     0.000 NO     DARK 
  RECTANGLE  0.40000     x 1.72000       0.000 NO     DARK 
  RECTANGLE  1.10000     x 1.72000       0.000 NO     DARK 
  RECTANGLE  1.77800     x 0.45700       0.000 NO     DARK 
  RECTANGLE  1.77800     x 0.45700      90.000 NO     DARK 
  OBLONG     1.20000     x 1.90000       0.000 NO     DARK 
  OBLONG     1.77800     x 0.45700       0.000 NO     DARK 
  OBLONG     1.77800     x 0.45700      90.000 NO     DARK 

     TOP created with warnings


================================================================
     PROCESSING FILM < DrillDraw >
     TO FILE < C:/Users/user/Desktop/vscode_orcad/samples/avrusb500_r02/avrusb500_r02/Allegro/allegro/gerber/DrillDraw.art > ...
================================================================

  FILM PARAMETERS :
  ---------------------------------------------------------
  Undefined line width                0.000
  Mirror code                         NONE
  Rotate angle                        NONE
  Offset x:                           0.000
  Offset y:                           0.000
  Plot negative                       NO
  Suppress unconnected internal pads  NO
  Draw holes only                     NO

    WARNING: rectangle or unfilled shape composed 0 width line found at (0.000 0.000)
           ... ignored.

    WARNING: rectangle or unfilled shape having Multiple 0 width lines; all will be treated the same as the first.
           ... ignored.

    WARNING: 0 width line found at (-3.500 77.315)
           ... ignored.

    WARNING: Multiple 0 width lines; all will be treated the same as the first.
           ... ignored.

    WARNING: text composed 0 width line found at (7.915 101.100)
           ... ignored.

    WARNING: text having Multiple 0 width lines; all will be treated the same as the first.
           ... ignored.



  APERTURES USED:  NONE
     DrillDraw created with warnings


================================================================
     PROCESSING FILM < SilkB >
     TO FILE < C:/Users/user/Desktop/vscode_orcad/samples/avrusb500_r02/avrusb500_r02/Allegro/allegro/gerber/SilkB.art > ...
================================================================

  FILM PARAMETERS :
  ---------------------------------------------------------
  Undefined line width                0.000
  Mirror code                         NONE
  Rotate angle                        NONE
  Offset x:                           0.000
  Offset y:                           0.000
  Plot negative                       NO
  Suppress unconnected internal pads  NO
  Draw holes only                     NO



  APERTURES USED:
  ---------------------------------------------------------
  TYPE       SIZE/NAME                   ROT   MIRROR MODE 
  ---------------------------------------------------------
  CIRCLE     0.20000                                  DARK 

     SilkB created.


================================================================
     PROCESSING FILM < SilkT >
     TO FILE < C:/Users/user/Desktop/vscode_orcad/samples/avrusb500_r02/avrusb500_r02/Allegro/allegro/gerber/SilkT.art > ...
================================================================

  FILM PARAMETERS :
  ---------------------------------------------------------
  Undefined line width                0.000
  Mirror code                         NONE
  Rotate angle                        NONE
  Offset x:                           0.000
  Offset y:                           0.000
  Plot negative                       NO
  Suppress unconnected internal pads  NO
  Draw holes only                     NO



  APERTURES USED:
  ---------------------------------------------------------
  TYPE       SIZE/NAME                   ROT   MIRROR MODE 
  ---------------------------------------------------------
  CIRCLE     0.20000                                  DARK 
  CIRCLE     0.20300                                  DARK 
  CIRCLE     0.25400                                  DARK 

     SilkT created.


------------------------------------------------------
 SUMMARY:
        MetalTop created.
        MetalBot created.
        SoldermaskBottom created.
        SoldermaskTop created.
        BOTTOM created.
        TOP created with warnings
        DrillDraw created with warnings
        SilkB created.
        SilkT created.

 ARTWORK had warnings
