(---------------------------------------------------------------------)
(                                                                     )
(    QUICKPLACE LOG                                                   )
(                                                                     )
(    Drawing          : asdfasdf.brd                                  )
(    Software Version : 16.6S034                                      )
(    Date/Time        : Thu Jul 18 14:53:59 2019                      )
(                                                                     )
(---------------------------------------------------------------------)


State: Placing on layer TOP

         Placed symbol:  IC1 / ATMEGA8-DIL28_2_QUAD80M32WG900_ / QUAD80M32WG900 at (2.921 46.473)
         Placed symbol:  U1 / FT232BM_4_QUAD80M32WG900_FT232B / QUAD80M32WG900 at (14.160 46.473)
         Placed symbol:  J4 / CON5_BLKCON100VHTM1SQSW1005_FIR / BLKCON100VHTM1SQSW1005 at (24.180 46.575)
         Placed symbol:  J2 / CON4_7_MICRO_USB_USBA_ / MICRO_USB at (41.767 46.153)
         Placed symbol:  J1 / CON5_BLKCON100VHTM1SQSW1005_BBP / BLKCON100VHTM1SQSW1005 at (49.194 46.575)
         Placed symbol:  J3 / CON5_BLKCON100VHTM1SQSW1005_AVR / BLKCON100VHTM1SQSW1005 at (62.555 46.575)
         Placed symbol:  C5 / CAPACITOR NON-POL_CPCYL1D225L_3 / CPCYL1D225LS100031 at (76.106 48.162)
         Placed symbol:  C10 / CAPACITOR NON-POL_CPCYL1D225L_1 / CPCYL1D225LS100031 at (82.227 48.162)
         Placed symbol:  C7 / CAPACITOR NON-POL_CPCYL1D225L_3 / CPCYL1D225LS100031 at (88.348 48.162)
         Placed symbol:  C4 / CAPACITOR NON-POL_CPCYL1D225LS1 / CPCYL1D225LS100031 at (94.469 48.162)
         Placed symbol:  D1 / LED_CYLD250LS125031_LED_ / CYLD250LS125031 at (100.590 48.480)
         Placed symbol:  C8 / CAPACITOR NON-POL_CPCYL1D225L_3 / CPCYL1D225LS100031 at (1.892 59.401)
         Placed symbol:  C3 / CAPACITOR NON-POL_CPCYL1D225L_2 / CPCYL1D225LS100031 at (8.013 59.401)
         Placed symbol:  C6 / CAPACITOR POL_CPCYL1D225LS10003 / CPCYL1D225LS100031 at (14.134 59.401)
         Placed symbol:  C2 / CAPACITOR NON-POL_CPCYL1D225L_2 / CPCYL1D225LS100031 at (20.255 59.401)
         Placed symbol:  C9 / CAPACITOR NON-POL_CPCYL1D225L_3 / CPCYL1D225LS100031 at (26.376 59.401)
         Placed symbol:  R1 / R_AX400X100031_470_SMDRES / AX400X100031 at (31.849 57.814)
         Placed symbol:  C1 / CAPACITOR NON-POL_CPCYL1D225LS1 / CPCYL1D225LS100031 at (44.942 59.401)
         Placed symbol:  R11 / R_AX400X100031_1K_SMDRES / AX400X100031 at (50.415 57.814)
         Placed symbol:  R13 / R_AX400X100031_1K_SMDRES / AX400X100031 at (62.860 57.814)
         Placed symbol:  R12 / R_AX400X100031_220_SMDRES / AX400X100031 at (75.305 57.814)
         Placed symbol:  R14 / R_AX400X100031_220_SMDRES / AX400X100031 at (87.750 57.814)
         Placed symbol:  R15 / R_AX400X100031_220_SMDRES / AX400X100031 at (1.244 63.935)
         Placed symbol:  R2 / R_AX400X100031_220_SMDRES / AX400X100031 at (13.689 63.935)
         Placed symbol:  R3 / R_AX400X100031_220_SMDRES / AX400X100031 at (26.134 63.935)
         Placed symbol:  R4 / R_AX400X100031_220_SMDRES / AX400X100031 at (38.579 63.935)
         Placed symbol:  R5 / R_AX400X100031_27_SMDRES / AX400X100031 at (51.024 63.935)
         Placed symbol:  R6 / R_AX400X100031_27_SMDRES / AX400X100031 at (63.469 63.935)
         Placed symbol:  R7 / R_AX400X100031_1.5K_SMDRES / AX400X100031 at (75.914 63.935)
         Placed symbol:  R8 / R_AX400X100031_2.2_SMDRES / AX400X100031 at (88.359 63.935)
         Placed symbol:  R9 / R_AX400X100031_10K_SMDRES / AX400X100031 at (1.244 66.882)
         Placed symbol:  R10 / R_AX400X100031_470_SMDRES / AX400X100031 at (13.689 66.882)
         Placed symbol:  Y1 / ZTA_RAD450X200LS300031_3.6864MH / RAD450X200LS300031 at (27.100 68.152)
         Placed symbol:  Y2 / ZTA_RAD450X200LS300031_6MHZ_ / RAD450X200LS300031 at (38.937 68.152)


Placed 34 of 34 applicable (34 total) symbols.

-----------------------------------------------------------------------

